<?xml version="1.0" encoding="UTF-8"?>
<coverage generated="1611006876343" clover="3.2.0">
  <project timestamp="1611006876343" name="All files">
    <metrics statements="51" coveredstatements="48" conditionals="33" coveredconditionals="30" methods="7" coveredmethods="7" elements="91" coveredelements="85" complexity="0" loc="51" ncloc="51" packages="1" files="4" classes="4"/>
    <file name="arrangeDays.js" path="/Users/florianadonis/Desktop/weglot-js-assessment-master/src/utils/arrangeDays.js">
      <metrics statements="19" coveredstatements="19" conditionals="14" coveredconditionals="14" methods="3" coveredmethods="3"/>
      <line num="3" count="1" type="stmt"/>
      <line num="4" count="1" type="stmt"/>
      <line num="5" count="1000" type="stmt"/>
      <line num="6" count="1000" type="stmt"/>
      <line num="8" count="1000" type="cond" truecount="2" falsecount="0"/>
      <line num="9" count="5" type="stmt"/>
      <line num="12" count="1000" type="stmt"/>
      <line num="14" count="1000" type="stmt"/>
      <line num="15" count="1000" type="stmt"/>
      <line num="17" count="1000" type="stmt"/>
      <line num="18" count="10777" type="cond" truecount="2" falsecount="0"/>
      <line num="20" count="2502" type="cond" truecount="4" falsecount="0"/>
      <line num="21" count="872" type="stmt"/>
      <line num="24" count="2502" type="cond" truecount="4" falsecount="0"/>
      <line num="25" count="57" type="stmt"/>
      <line num="26" count="57" type="stmt"/>
      <line num="30" count="1000" type="cond" truecount="2" falsecount="0"/>
      <line num="31" count="71" type="stmt"/>
      <line num="34" count="1000" type="stmt"/>
    </file>
    <file name="findHour.js" path="/Users/florianadonis/Desktop/weglot-js-assessment-master/src/utils/findHour.js">
      <metrics statements="10" coveredstatements="10" conditionals="6" coveredconditionals="5" methods="2" coveredmethods="2"/>
      <line num="5" count="1" type="stmt"/>
      <line num="6" count="1" type="stmt"/>
      <line num="7" count="1" type="stmt"/>
      <line num="9" count="1" type="stmt"/>
      <line num="10" count="5" type="cond" truecount="1" falsecount="1"/>
      <line num="11" count="195" type="cond" truecount="2" falsecount="0"/>
      <line num="15" count="1" type="stmt"/>
      <line num="16" count="3" type="stmt"/>
      <line num="18" count="3" type="cond" truecount="2" falsecount="0"/>
      <line num="19" count="1" type="stmt"/>
    </file>
    <file name="findHourInDay.js" path="/Users/florianadonis/Desktop/weglot-js-assessment-master/src/utils/findHourInDay.js">
      <metrics statements="17" coveredstatements="14" conditionals="13" coveredconditionals="11" methods="1" coveredmethods="1"/>
      <line num="5" count="1" type="stmt"/>
      <line num="6" count="1" type="stmt"/>
      <line num="7" count="1" type="stmt"/>
      <line num="9" count="1" type="stmt"/>
      <line num="10" count="3" type="cond" truecount="4" falsecount="1"/>
      <line num="11" count="0" type="stmt"/>
      <line num="14" count="3" type="stmt"/>
      <line num="15" count="38" type="cond" truecount="2" falsecount="0"/>
      <line num="16" count="36" type="stmt"/>
      <line num="18" count="36" type="cond" truecount="2" falsecount="0"/>
      <line num="19" count="1" type="stmt"/>
      <line num="20" count="1" type="stmt"/>
      <line num="22" count="1" type="stmt"/>
      <line num="27" count="2" type="cond" truecount="3" falsecount="1"/>
      <line num="28" count="0" type="stmt"/>
      <line num="29" count="0" type="stmt"/>
      <line num="32" count="2" type="stmt"/>
    </file>
    <file name="getDateWithHours.js" path="/Users/florianadonis/Desktop/weglot-js-assessment-master/src/utils/getDateWithHours.js">
      <metrics statements="5" coveredstatements="5" conditionals="0" coveredconditionals="0" methods="1" coveredmethods="1"/>
      <line num="1" count="1" type="stmt"/>
      <line num="2" count="2000" type="stmt"/>
      <line num="3" count="2000" type="stmt"/>
      <line num="5" count="2000" type="stmt"/>
      <line num="7" count="2000" type="stmt"/>
    </file>
  </project>
</coverage>
