{"/Users/florianadonis/Desktop/weglot-js-assessment-master/src/utils/arrangeDays.js": {"path":"/Users/florianadonis/Desktop/weglot-js-assessment-master/src/utils/arrangeDays.js","statementMap":{"0":{"start":{"line":3,"column":20},"end":{"line":36,"column":1}},"1":{"start":{"line":4,"column":2},"end":{"line":35,"column":9}},"2":{"start":{"line":5,"column":20},"end":{"line":5,"column":35}},"3":{"start":{"line":6,"column":14},"end":{"line":6,"column":26}},"4":{"start":{"line":8,"column":4},"end":{"line":10,"column":5}},"5":{"start":{"line":9,"column":6},"end":{"line":9,"column":20}},"6":{"start":{"line":12,"column":20},"end":{"line":12,"column":43}},"7":{"start":{"line":14,"column":15},"end":{"line":14,"column":93}},"8":{"start":{"line":15,"column":29},"end":{"line":15,"column":33}},"9":{"start":{"line":17,"column":4},"end":{"line":28,"column":7}},"10":{"start":{"line":18,"column":6},"end":{"line":18,"column":38}},"11":{"start":{"line":18,"column":31},"end":{"line":18,"column":38}},"12":{"start":{"line":20,"column":6},"end":{"line":22,"column":7}},"13":{"start":{"line":21,"column":8},"end":{"line":21,"column":35}},"14":{"start":{"line":24,"column":6},"end":{"line":27,"column":7}},"15":{"start":{"line":25,"column":8},"end":{"line":25,"column":31}},"16":{"start":{"line":26,"column":8},"end":{"line":26,"column":35}},"17":{"start":{"line":30,"column":4},"end":{"line":32,"column":5}},"18":{"start":{"line":31,"column":6},"end":{"line":31,"column":26}},"19":{"start":{"line":34,"column":4},"end":{"line":34,"column":15}}},"fnMap":{"0":{"name":"(anonymous_0)","decl":{"start":{"line":3,"column":20},"end":{"line":3,"column":21}},"loc":{"start":{"line":3,"column":30},"end":{"line":36,"column":1}},"line":3},"1":{"name":"(anonymous_1)","decl":{"start":{"line":4,"column":33},"end":{"line":4,"column":34}},"loc":{"start":{"line":4,"column":48},"end":{"line":35,"column":3}},"line":4},"2":{"name":"(anonymous_2)","decl":{"start":{"line":17,"column":21},"end":{"line":17,"column":22}},"loc":{"start":{"line":17,"column":42},"end":{"line":28,"column":5}},"line":17}},"branchMap":{"0":{"loc":{"start":{"line":8,"column":4},"end":{"line":10,"column":5}},"type":"if","locations":[{"start":{"line":8,"column":4},"end":{"line":10,"column":5}},{"start":{"line":8,"column":4},"end":{"line":10,"column":5}}],"line":8},"1":{"loc":{"start":{"line":18,"column":6},"end":{"line":18,"column":38}},"type":"if","locations":[{"start":{"line":18,"column":6},"end":{"line":18,"column":38}},{"start":{"line":18,"column":6},"end":{"line":18,"column":38}}],"line":18},"2":{"loc":{"start":{"line":20,"column":6},"end":{"line":22,"column":7}},"type":"if","locations":[{"start":{"line":20,"column":6},"end":{"line":22,"column":7}},{"start":{"line":20,"column":6},"end":{"line":22,"column":7}}],"line":20},"3":{"loc":{"start":{"line":20,"column":10},"end":{"line":20,"column":64}},"type":"binary-expr","locations":[{"start":{"line":20,"column":10},"end":{"line":20,"column":37}},{"start":{"line":20,"column":41},"end":{"line":20,"column":64}}],"line":20},"4":{"loc":{"start":{"line":24,"column":6},"end":{"line":27,"column":7}},"type":"if","locations":[{"start":{"line":24,"column":6},"end":{"line":27,"column":7}},{"start":{"line":24,"column":6},"end":{"line":27,"column":7}}],"line":24},"5":{"loc":{"start":{"line":24,"column":10},"end":{"line":24,"column":64}},"type":"binary-expr","locations":[{"start":{"line":24,"column":10},"end":{"line":24,"column":37}},{"start":{"line":24,"column":41},"end":{"line":24,"column":64}}],"line":24},"6":{"loc":{"start":{"line":30,"column":4},"end":{"line":32,"column":5}},"type":"if","locations":[{"start":{"line":30,"column":4},"end":{"line":32,"column":5}},{"start":{"line":30,"column":4},"end":{"line":32,"column":5}}],"line":30}},"s":{"0":1,"1":1,"2":1000,"3":1000,"4":1000,"5":5,"6":1000,"7":1000,"8":1000,"9":1000,"10":10777,"11":8276,"12":2501,"13":872,"14":2501,"15":57,"16":57,"17":1000,"18":71,"19":1000},"f":{"0":1,"1":1000,"2":10777},"b":{"0":[5,995],"1":[8276,2501],"2":[872,1629],"3":[2501,1649],"4":[57,2444],"5":[2501,851],"6":[71,929]},"_coverageSchema":"1a1c01bbd47fc00a2c39e90264f33305004495a9","hash":"a639d356d932ac3a004a5128e391a2d5c414232a"}
,"/Users/florianadonis/Desktop/weglot-js-assessment-master/src/utils/findHour.js": {"path":"/Users/florianadonis/Desktop/weglot-js-assessment-master/src/utils/findHour.js","statementMap":{"0":{"start":{"line":5,"column":17},"end":{"line":22,"column":1}},"1":{"start":{"line":6,"column":19},"end":{"line":6,"column":81}},"2":{"start":{"line":7,"column":24},"end":{"line":7,"column":45}},"3":{"start":{"line":9,"column":2},"end":{"line":13,"column":3}},"4":{"start":{"line":9,"column":13},"end":{"line":9,"column":14}},"5":{"start":{"line":10,"column":4},"end":{"line":12,"column":5}},"6":{"start":{"line":11,"column":6},"end":{"line":11,"column":73}},"7":{"start":{"line":11,"column":43},"end":{"line":11,"column":71}},"8":{"start":{"line":15,"column":2},"end":{"line":21,"column":3}},"9":{"start":{"line":15,"column":13},"end":{"line":15,"column":14}},"10":{"start":{"line":16,"column":22},"end":{"line":16,"column":58}},"11":{"start":{"line":18,"column":4},"end":{"line":20,"column":5}},"12":{"start":{"line":19,"column":6},"end":{"line":19,"column":33}}},"fnMap":{"0":{"name":"(anonymous_0)","decl":{"start":{"line":5,"column":17},"end":{"line":5,"column":18}},"loc":{"start":{"line":5,"column":31},"end":{"line":22,"column":1}},"line":5},"1":{"name":"(anonymous_1)","decl":{"start":{"line":11,"column":33},"end":{"line":11,"column":34}},"loc":{"start":{"line":11,"column":43},"end":{"line":11,"column":71}},"line":11}},"branchMap":{"0":{"loc":{"start":{"line":10,"column":4},"end":{"line":12,"column":5}},"type":"if","locations":[{"start":{"line":10,"column":4},"end":{"line":12,"column":5}},{"start":{"line":10,"column":4},"end":{"line":12,"column":5}}],"line":10},"1":{"loc":{"start":{"line":11,"column":43},"end":{"line":11,"column":71}},"type":"cond-expr","locations":[{"start":{"line":11,"column":65},"end":{"line":11,"column":66}},{"start":{"line":11,"column":69},"end":{"line":11,"column":71}}],"line":11},"2":{"loc":{"start":{"line":18,"column":4},"end":{"line":20,"column":5}},"type":"if","locations":[{"start":{"line":18,"column":4},"end":{"line":20,"column":5}},{"start":{"line":18,"column":4},"end":{"line":20,"column":5}}],"line":18}},"s":{"0":1,"1":1,"2":1,"3":1,"4":1,"5":5,"6":5,"7":195,"8":1,"9":1,"10":3,"11":3,"12":1},"f":{"0":1,"1":195},"b":{"0":[5,0],"1":[103,92],"2":[1,2]},"_coverageSchema":"1a1c01bbd47fc00a2c39e90264f33305004495a9","hash":"47430275c37e7bef15e9bfe620e19486664dc7b2"}
,"/Users/florianadonis/Desktop/weglot-js-assessment-master/src/utils/findHourInDay.js": {"path":"/Users/florianadonis/Desktop/weglot-js-assessment-master/src/utils/findHourInDay.js","statementMap":{"0":{"start":{"line":5,"column":18},"end":{"line":5,"column":49}},"1":{"start":{"line":6,"column":16},"end":{"line":6,"column":49}},"2":{"start":{"line":7,"column":19},"end":{"line":7,"column":32}},"3":{"start":{"line":9,"column":22},"end":{"line":33,"column":1}},"4":{"start":{"line":10,"column":2},"end":{"line":12,"column":3}},"5":{"start":{"line":11,"column":4},"end":{"line":11,"column":22}},"6":{"start":{"line":14,"column":2},"end":{"line":25,"column":3}},"7":{"start":{"line":14,"column":13},"end":{"line":14,"column":14}},"8":{"start":{"line":15,"column":4},"end":{"line":24,"column":5}},"9":{"start":{"line":16,"column":17},"end":{"line":16,"column":66}},"10":{"start":{"line":18,"column":6},"end":{"line":23,"column":7}},"11":{"start":{"line":19,"column":31},"end":{"line":19,"column":58}},"12":{"start":{"line":20,"column":29},"end":{"line":20,"column":57}},"13":{"start":{"line":22,"column":8},"end":{"line":22,"column":89}},"14":{"start":{"line":27,"column":2},"end":{"line":30,"column":3}},"15":{"start":{"line":28,"column":25},"end":{"line":28,"column":66}},"16":{"start":{"line":29,"column":4},"end":{"line":29,"column":94}},"17":{"start":{"line":32,"column":2},"end":{"line":32,"column":14}}},"fnMap":{"0":{"name":"(anonymous_0)","decl":{"start":{"line":9,"column":22},"end":{"line":9,"column":23}},"loc":{"start":{"line":9,"column":33},"end":{"line":33,"column":1}},"line":9}},"branchMap":{"0":{"loc":{"start":{"line":10,"column":2},"end":{"line":12,"column":3}},"type":"if","locations":[{"start":{"line":10,"column":2},"end":{"line":12,"column":3}},{"start":{"line":10,"column":2},"end":{"line":12,"column":3}}],"line":10},"1":{"loc":{"start":{"line":10,"column":6},"end":{"line":10,"column":104}},"type":"binary-expr","locations":[{"start":{"line":10,"column":6},"end":{"line":10,"column":19}},{"start":{"line":10,"column":24},"end":{"line":10,"column":50}},{"start":{"line":10,"column":54},"end":{"line":10,"column":103}}],"line":10},"2":{"loc":{"start":{"line":15,"column":4},"end":{"line":24,"column":5}},"type":"if","locations":[{"start":{"line":15,"column":4},"end":{"line":24,"column":5}},{"start":{"line":15,"column":4},"end":{"line":24,"column":5}}],"line":15},"3":{"loc":{"start":{"line":18,"column":6},"end":{"line":23,"column":7}},"type":"if","locations":[{"start":{"line":18,"column":6},"end":{"line":23,"column":7}},{"start":{"line":18,"column":6},"end":{"line":23,"column":7}}],"line":18},"4":{"loc":{"start":{"line":27,"column":2},"end":{"line":30,"column":3}},"type":"if","locations":[{"start":{"line":27,"column":2},"end":{"line":30,"column":3}},{"start":{"line":27,"column":2},"end":{"line":30,"column":3}}],"line":27},"5":{"loc":{"start":{"line":27,"column":6},"end":{"line":27,"column":103}},"type":"binary-expr","locations":[{"start":{"line":27,"column":6},"end":{"line":27,"column":41}},{"start":{"line":27,"column":45},"end":{"line":27,"column":103}}],"line":27}},"s":{"0":1,"1":1,"2":1,"3":1,"4":3,"5":0,"6":3,"7":3,"8":38,"9":36,"10":36,"11":1,"12":1,"13":1,"14":2,"15":0,"16":0,"17":2},"f":{"0":3},"b":{"0":[0,3],"1":[3,3,3],"2":[36,2],"3":[1,35],"4":[0,2],"5":[2,1]},"_coverageSchema":"1a1c01bbd47fc00a2c39e90264f33305004495a9","hash":"859e23b76fdbb03fa1f7154796ce29a8c7994ae0"}
,"/Users/florianadonis/Desktop/weglot-js-assessment-master/src/utils/getDateWithHours.js": {"path":"/Users/florianadonis/Desktop/weglot-js-assessment-master/src/utils/getDateWithHours.js","statementMap":{"0":{"start":{"line":1,"column":25},"end":{"line":8,"column":1}},"1":{"start":{"line":2,"column":18},"end":{"line":2,"column":39}},"2":{"start":{"line":3,"column":13},"end":{"line":3,"column":23}},"3":{"start":{"line":5,"column":2},"end":{"line":5,"column":44}},"4":{"start":{"line":7,"column":2},"end":{"line":7,"column":14}}},"fnMap":{"0":{"name":"(anonymous_0)","decl":{"start":{"line":1,"column":25},"end":{"line":1,"column":26}},"loc":{"start":{"line":1,"column":41},"end":{"line":8,"column":1}},"line":1}},"branchMap":{},"s":{"0":1,"1":2000,"2":2000,"3":2000,"4":2000},"f":{"0":2000},"b":{},"_coverageSchema":"1a1c01bbd47fc00a2c39e90264f33305004495a9","hash":"2b00df1dadf305af6d0b4827a54833605998c91a"}
}
