TN:
SF:src/utils/arrangeDays.js
FN:3,(anonymous_0)
FN:4,(anonymous_1)
FN:17,(anonymous_2)
FNF:3
FNH:3
FNDA:1,(anonymous_0)
FNDA:1000,(anonymous_1)
FNDA:10777,(anonymous_2)
DA:3,1
DA:4,1
DA:5,1000
DA:6,1000
DA:8,1000
DA:9,5
DA:12,1000
DA:14,1000
DA:15,1000
DA:17,1000
DA:18,10777
DA:20,2502
DA:21,872
DA:24,2502
DA:25,57
DA:26,57
DA:30,1000
DA:31,71
DA:34,1000
LF:19
LH:19
BRDA:8,0,0,5
BRDA:8,0,1,995
BRDA:18,1,0,8275
BRDA:18,1,1,2502
BRDA:20,2,0,872
BRDA:20,2,1,1630
BRDA:20,3,0,2502
BRDA:20,3,1,1649
BRDA:24,4,0,57
BRDA:24,4,1,2445
BRDA:24,5,0,2502
BRDA:24,5,1,851
BRDA:30,6,0,71
BRDA:30,6,1,929
BRF:14
BRH:14
end_of_record
TN:
SF:src/utils/findHour.js
FN:5,(anonymous_0)
FN:11,(anonymous_1)
FNF:2
FNH:2
FNDA:1,(anonymous_0)
FNDA:195,(anonymous_1)
DA:5,1
DA:6,1
DA:7,1
DA:9,1
DA:10,5
DA:11,195
DA:15,1
DA:16,3
DA:18,3
DA:19,1
LF:10
LH:10
BRDA:10,0,0,5
BRDA:10,0,1,0
BRDA:11,1,0,103
BRDA:11,1,1,92
BRDA:18,2,0,1
BRDA:18,2,1,2
BRF:6
BRH:5
end_of_record
TN:
SF:src/utils/findHourInDay.js
FN:9,(anonymous_0)
FNF:1
FNH:1
FNDA:3,(anonymous_0)
DA:5,1
DA:6,1
DA:7,1
DA:9,1
DA:10,3
DA:11,0
DA:14,3
DA:15,38
DA:16,36
DA:18,36
DA:19,1
DA:20,1
DA:22,1
DA:27,2
DA:28,0
DA:29,0
DA:32,2
LF:17
LH:14
BRDA:10,0,0,0
BRDA:10,0,1,3
BRDA:10,1,0,3
BRDA:10,1,1,3
BRDA:10,1,2,3
BRDA:15,2,0,36
BRDA:15,2,1,2
BRDA:18,3,0,1
BRDA:18,3,1,35
BRDA:27,4,0,0
BRDA:27,4,1,2
BRDA:27,5,0,2
BRDA:27,5,1,1
BRF:13
BRH:11
end_of_record
TN:
SF:src/utils/getDateWithHours.js
FN:1,(anonymous_0)
FNF:1
FNH:1
FNDA:2000,(anonymous_0)
DA:1,1
DA:2,2000
DA:3,2000
DA:5,2000
DA:7,2000
LF:5
LH:5
BRF:0
BRH:0
end_of_record
